<?xml version="1.0" encoding="UTF-8"?>
<!-- Generated by org.testng.reporters.JUnitXMLReporter -->
<testsuite ignored="1" hostname="Prathameshs-MacBook-Pro.local" failures="0" tests="2" name="Surefire test" time="13.383" errors="0" timestamp="2024-08-01T23:47:03 CEST">
  <testcase classname="com.salesforceselenium.in.Pages.TestPage" name="Test1" time="12.01"/>
  <testcase classname="com.salesforceselenium.in.Pages.TestPage" name="Test3" time="0.348"/>
  <testcase classname="com.salesforceselenium.in.Pages.TestPage" name="Test2" time="0.0">
    <ignored/>
  </testcase> <!-- Test2 -->
</testsuite> <!-- Surefire test -->
