<?xml version="1.0" encoding="UTF-8"?>
<testsuite xmlns:xsi="http://www.w3.org/2001/XMLSchema-instance" xsi:noNamespaceSchemaLocation="https://maven.apache.org/surefire/maven-surefire-plugin/xsd/surefire-test-report.xsd" name="TestSuite" time="25.361" tests="7" errors="0" skipped="0" failures="0">
  <properties>
[...]
</properties>
  <testcase name="Test1" classname="com.salesforceselenium.in.Pages.TestPage" time="12.017"/>
  <testcase name="Test3" classname="com.salesforceselenium.in.Pages.TestPage" time="0.345"/>
  <testcase name="shouldAnswerWithTrue on shouldAnswerWithTrue(com.salesforceselenium.in.AppTest)" classname="com.salesforceselenium.in.AppTest" time="0.001"/>
  <testcase name="testadd on testadd(com.salesforceselenium.in.AppTest)" classname="com.salesforceselenium.in.AppTest" time="0"/>
  <testcase name="testsub on testsub(com.salesforceselenium.in.AppTest)" classname="com.salesforceselenium.in.AppTest" time="0"/>
  <testcase name="testcalc on testcalc(com.salesforceselenium.in.AppTest)" classname="com.salesforceselenium.in.AppTest" time="0"/>
  <testcase name="chat on chat(com.salesforceselenium.in.AppTest)" classname="com.salesforceselenium.in.AppTest" time="0.001"/>
</testsuite>