<?xml version="1.0" encoding="UTF-8"?>
<testng-results ignored="0" total="2" passed="2" failed="0" skipped="0">
  <reporter-output>
  </reporter-output>
  <suite started-at="2024-08-01T23:46:50 CEST" name="Surefire suite" finished-at="2024-08-01T23:47:03 CEST" duration-ms="13383">
    <groups>
    </groups>
    <test started-at="2024-08-01T23:46:50 CEST" name="Surefire test" finished-at="2024-08-01T23:47:03 CEST" duration-ms="13383">
      <class name="com.salesforceselenium.in.Pages.TestPage">
        <test-method is-config="true" signature="setup()[pri:0, instance:com.salesforceselenium.in.Pages.TestPage@75f9eccc]" started-at="2024-08-01T23:46:38 CEST" name="setup" finished-at="2024-08-01T23:46:50 CEST" duration-ms="11748" status="PASS">
          <reporter-output>
          </reporter-output>
        </test-method> <!-- setup -->
        <test-method is-config="true" signature="browserSetup()[pri:0, instance:com.salesforceselenium.in.Pages.TestPage@75f9eccc]" started-at="2024-08-01T23:46:50 CEST" name="browserSetup" finished-at="2024-08-01T23:46:51 CEST" duration-ms="866" status="PASS">
          <reporter-output>
          </reporter-output>
        </test-method> <!-- browserSetup -->
        <test-method signature="Test1()[pri:0, instance:com.salesforceselenium.in.Pages.TestPage@75f9eccc]" started-at="2024-08-01T23:46:51 CEST" name="Test1" finished-at="2024-08-01T23:47:03 CEST" duration-ms="12010" status="PASS">
          <reporter-output>
          </reporter-output>
        </test-method> <!-- Test1 -->
        <test-method signature="Test3()[pri:0, instance:com.salesforceselenium.in.Pages.TestPage@75f9eccc]" started-at="2024-08-01T23:47:03 CEST" name="Test3" finished-at="2024-08-01T23:47:03 CEST" duration-ms="348" status="PASS">
          <reporter-output>
          </reporter-output>
        </test-method> <!-- Test3 -->
        <test-method is-config="true" signature="teardown()[pri:0, instance:com.salesforceselenium.in.Pages.TestPage@75f9eccc]" started-at="2024-08-01T23:47:03 CEST" name="teardown" finished-at="2024-08-01T23:47:03 CEST" duration-ms="132" status="PASS">
          <reporter-output>
          </reporter-output>
        </test-method> <!-- teardown -->
      </class> <!-- com.salesforceselenium.in.Pages.TestPage -->
    </test> <!-- Surefire test -->
  </suite> <!-- Surefire suite -->
</testng-results>
