<?xml version="1.0" encoding="UTF-8"?>
<!-- Generated by org.testng.reporters.JUnitXMLReporter -->
<testsuite ignored="0" hostname="Prathameshs-MacBook-Pro.local" failures="0" tests="5" name="Surefire test" time="0.017" errors="0" timestamp="2024-08-01T23:47:04 CEST">
  <testcase classname="com.salesforceselenium.in.AppTest" name="shouldAnswerWithTrue on shouldAnswerWithTrue(com.salesforceselenium.in.AppTest)" time="0.001"/>
  <testcase classname="com.salesforceselenium.in.AppTest" name="testadd on testadd(com.salesforceselenium.in.AppTest)" time="0.002"/>
  <testcase classname="com.salesforceselenium.in.AppTest" name="testsub on testsub(com.salesforceselenium.in.AppTest)" time="0.002"/>
  <testcase classname="com.salesforceselenium.in.AppTest" name="testcalc on testcalc(com.salesforceselenium.in.AppTest)" time="0.002"/>
  <testcase classname="com.salesforceselenium.in.AppTest" name="chat on chat(com.salesforceselenium.in.AppTest)" time="0.004"/>
</testsuite> <!-- Surefire test -->
